{"C:\\Users\\edvar\\OneDrive\\Documentos\\projetos-atuais\\media-tracker\\server\\app.js": {"path":"C:\\Users\\edvar\\OneDrive\\Documentos\\projetos-atuais\\media-tracker\\server\\app.js","statementMap":{"0":{"start":{"line":1,"column":16},"end":{"line":1,"column":34}},"1":{"start":{"line":2,"column":19},"end":{"line":2,"column":41}},"2":{"start":{"line":3,"column":25},"end":{"line":3,"column":50}},"3":{"start":{"line":4,"column":0},"end":{"line":4,"column":27}},"4":{"start":{"line":5,"column":13},"end":{"line":5,"column":28}},"5":{"start":{"line":7,"column":12},"end":{"line":7,"column":21}},"6":{"start":{"line":9,"column":0},"end":{"line":9,"column":24}},"7":{"start":{"line":10,"column":0},"end":{"line":10,"column":49}},"8":{"start":{"line":11,"column":0},"end":{"line":11,"column":27}},"9":{"start":{"line":12,"column":0},"end":{"line":12,"column":16}},"10":{"start":{"line":14,"column":0},"end":{"line":19,"column":3}},"11":{"start":{"line":15,"column":4},"end":{"line":15,"column":56}},"12":{"start":{"line":16,"column":4},"end":{"line":16,"column":57}},"13":{"start":{"line":17,"column":4},"end":{"line":17,"column":102}},"14":{"start":{"line":18,"column":4},"end":{"line":18,"column":11}},"15":{"start":{"line":21,"column":18},"end":{"line":21,"column":51}},"16":{"start":{"line":22,"column":19},"end":{"line":22,"column":53}},"17":{"start":{"line":24,"column":0},"end":{"line":24,"column":29}},"18":{"start":{"line":25,"column":0},"end":{"line":25,"column":31}},"19":{"start":{"line":27,"column":0},"end":{"line":27,"column":21}}},"fnMap":{"0":{"name":"(anonymous_0)","decl":{"start":{"line":14,"column":8},"end":{"line":14,"column":9}},"loc":{"start":{"line":14,"column":37},"end":{"line":19,"column":1}},"line":14}},"branchMap":{},"s":{"0":1,"1":1,"2":1,"3":1,"4":1,"5":1,"6":1,"7":1,"8":1,"9":1,"10":1,"11":0,"12":0,"13":0,"14":0,"15":1,"16":1,"17":1,"18":1,"19":1},"f":{"0":0},"b":{},"_coverageSchema":"1a1c01bbd47fc00a2c39e90264f33305004495a9","hash":"fb6c78dc1b150ca2b994e61ecc89e534a7cdb125"}
,"C:\\Users\\edvar\\OneDrive\\Documentos\\projetos-atuais\\media-tracker\\server\\src\\controllers\\movieController.js": {"path":"C:\\Users\\edvar\\OneDrive\\Documentos\\projetos-atuais\\media-tracker\\server\\src\\controllers\\movieController.js","statementMap":{"0":{"start":{"line":1,"column":18},"end":{"line":1,"column":41}},"1":{"start":{"line":4,"column":17},"end":{"line":4,"column":31}},"2":{"start":{"line":5,"column":2},"end":{"line":31,"column":3}},"3":{"start":{"line":6,"column":4},"end":{"line":6,"column":89}},"4":{"start":{"line":6,"column":13},"end":{"line":6,"column":89}},"5":{"start":{"line":8,"column":24},"end":{"line":8,"column":43}},"6":{"start":{"line":10,"column":4},"end":{"line":12,"column":5}},"7":{"start":{"line":11,"column":6},"end":{"line":11,"column":52}},"8":{"start":{"line":14,"column":16},"end":{"line":14,"column":73}},"9":{"start":{"line":15,"column":20},"end":{"line":21,"column":5}},"10":{"start":{"line":23,"column":26},"end":{"line":23,"column":51}},"11":{"start":{"line":24,"column":22},"end":{"line":24,"column":48}},"12":{"start":{"line":26,"column":4},"end":{"line":26,"column":51}},"13":{"start":{"line":28,"column":4},"end":{"line":28,"column":36}},"14":{"start":{"line":30,"column":4},"end":{"line":30,"column":35}},"15":{"start":{"line":34,"column":0},"end":{"line":36,"column":2}}},"fnMap":{"0":{"name":"getMovie","decl":{"start":{"line":3,"column":15},"end":{"line":3,"column":23}},"loc":{"start":{"line":3,"column":43},"end":{"line":32,"column":1}},"line":3}},"branchMap":{"0":{"loc":{"start":{"line":6,"column":4},"end":{"line":6,"column":89}},"type":"if","locations":[{"start":{"line":6,"column":4},"end":{"line":6,"column":89}},{"start":{},"end":{}}],"line":6},"1":{"loc":{"start":{"line":10,"column":4},"end":{"line":12,"column":5}},"type":"if","locations":[{"start":{"line":10,"column":4},"end":{"line":12,"column":5}},{"start":{},"end":{}}],"line":10}},"s":{"0":1,"1":0,"2":0,"3":0,"4":0,"5":0,"6":0,"7":0,"8":0,"9":0,"10":0,"11":0,"12":0,"13":0,"14":0,"15":1},"f":{"0":0},"b":{"0":[0,0],"1":[0,0]},"_coverageSchema":"1a1c01bbd47fc00a2c39e90264f33305004495a9","hash":"f777ae0bf7adcdaf49243812baf51b631c80f852"}
,"C:\\Users\\edvar\\OneDrive\\Documentos\\projetos-atuais\\media-tracker\\server\\src\\controllers\\userController.js": {"path":"C:\\Users\\edvar\\OneDrive\\Documentos\\projetos-atuais\\media-tracker\\server\\src\\controllers\\userController.js","statementMap":{"0":{"start":{"line":1,"column":25},"end":{"line":1,"column":50}},"1":{"start":{"line":2,"column":15},"end":{"line":2,"column":33}},"2":{"start":{"line":3,"column":15},"end":{"line":3,"column":32}},"3":{"start":{"line":4,"column":12},"end":{"line":4,"column":35}},"4":{"start":{"line":7,"column":17},"end":{"line":7,"column":31}},"5":{"start":{"line":9,"column":2},"end":{"line":19,"column":3}},"6":{"start":{"line":10,"column":17},"end":{"line":14,"column":6}},"7":{"start":{"line":16,"column":4},"end":{"line":16,"column":36}},"8":{"start":{"line":18,"column":4},"end":{"line":18,"column":46}},"9":{"start":{"line":23,"column":36},"end":{"line":23,"column":48}},"10":{"start":{"line":25,"column":2},"end":{"line":26,"column":80}},"11":{"start":{"line":26,"column":4},"end":{"line":26,"column":80}},"12":{"start":{"line":28,"column":20},"end":{"line":32,"column":4}},"13":{"start":{"line":34,"column":2},"end":{"line":35,"column":87}},"14":{"start":{"line":35,"column":4},"end":{"line":35,"column":87}},"15":{"start":{"line":37,"column":2},"end":{"line":51,"column":3}},"16":{"start":{"line":38,"column":17},"end":{"line":38,"column":48}},"17":{"start":{"line":40,"column":20},"end":{"line":46,"column":6}},"18":{"start":{"line":48,"column":4},"end":{"line":48,"column":39}},"19":{"start":{"line":50,"column":4},"end":{"line":50,"column":46}},"20":{"start":{"line":55,"column":30},"end":{"line":55,"column":42}},"21":{"start":{"line":57,"column":2},"end":{"line":58,"column":80}},"22":{"start":{"line":58,"column":4},"end":{"line":58,"column":80}},"23":{"start":{"line":60,"column":20},"end":{"line":64,"column":4}},"24":{"start":{"line":66,"column":2},"end":{"line":67,"column":87}},"25":{"start":{"line":67,"column":4},"end":{"line":67,"column":87}},"26":{"start":{"line":69,"column":16},"end":{"line":69,"column":66}},"27":{"start":{"line":71,"column":2},"end":{"line":71,"column":78}},"28":{"start":{"line":71,"column":14},"end":{"line":71,"column":78}},"29":{"start":{"line":73,"column":19},"end":{"line":79,"column":3}},"30":{"start":{"line":81,"column":2},"end":{"line":81,"column":49}},"31":{"start":{"line":85,"column":17},"end":{"line":85,"column":31}},"32":{"start":{"line":86,"column":17},"end":{"line":86,"column":37}},"33":{"start":{"line":88,"column":2},"end":{"line":108,"column":3}},"34":{"start":{"line":89,"column":4},"end":{"line":96,"column":5}},"35":{"start":{"line":90,"column":21},"end":{"line":94,"column":8}},"36":{"start":{"line":95,"column":6},"end":{"line":95,"column":47}},"37":{"start":{"line":98,"column":19},"end":{"line":103,"column":6}},"38":{"start":{"line":105,"column":4},"end":{"line":105,"column":38}},"39":{"start":{"line":107,"column":4},"end":{"line":107,"column":46}},"40":{"start":{"line":112,"column":21},"end":{"line":112,"column":33}},"41":{"start":{"line":113,"column":17},"end":{"line":113,"column":31}},"42":{"start":{"line":114,"column":21},"end":{"line":114,"column":35}},"43":{"start":{"line":116,"column":2},"end":{"line":146,"column":3}},"44":{"start":{"line":117,"column":4},"end":{"line":118,"column":82}},"45":{"start":{"line":118,"column":6},"end":{"line":118,"column":82}},"46":{"start":{"line":120,"column":23},"end":{"line":125,"column":6}},"47":{"start":{"line":127,"column":4},"end":{"line":128,"column":82}},"48":{"start":{"line":128,"column":6},"end":{"line":128,"column":82}},"49":{"start":{"line":130,"column":4},"end":{"line":140,"column":7}},"50":{"start":{"line":142,"column":4},"end":{"line":142,"column":58}},"51":{"start":{"line":144,"column":4},"end":{"line":144,"column":21}},"52":{"start":{"line":145,"column":4},"end":{"line":145,"column":66}},"53":{"start":{"line":150,"column":17},"end":{"line":150,"column":31}},"54":{"start":{"line":151,"column":21},"end":{"line":151,"column":33}},"55":{"start":{"line":152,"column":21},"end":{"line":152,"column":35}},"56":{"start":{"line":154,"column":2},"end":{"line":154,"column":90}},"57":{"start":{"line":154,"column":14},"end":{"line":154,"column":90}},"58":{"start":{"line":156,"column":2},"end":{"line":170,"column":3}},"59":{"start":{"line":157,"column":18},"end":{"line":165,"column":6}},"60":{"start":{"line":167,"column":4},"end":{"line":167,"column":44}},"61":{"start":{"line":169,"column":4},"end":{"line":169,"column":53}},"62":{"start":{"line":173,"column":0},"end":{"line":180,"column":2}}},"fnMap":{"0":{"name":"getUser","decl":{"start":{"line":6,"column":15},"end":{"line":6,"column":22}},"loc":{"start":{"line":6,"column":42},"end":{"line":20,"column":1}},"line":6},"1":{"name":"createUser","decl":{"start":{"line":22,"column":15},"end":{"line":22,"column":25}},"loc":{"start":{"line":22,"column":45},"end":{"line":52,"column":1}},"line":22},"2":{"name":"loginUser","decl":{"start":{"line":54,"column":15},"end":{"line":54,"column":24}},"loc":{"start":{"line":54,"column":44},"end":{"line":82,"column":1}},"line":54},"3":{"name":"getMovies","decl":{"start":{"line":84,"column":15},"end":{"line":84,"column":24}},"loc":{"start":{"line":84,"column":44},"end":{"line":109,"column":1}},"line":84},"4":{"name":"addMovie","decl":{"start":{"line":111,"column":15},"end":{"line":111,"column":23}},"loc":{"start":{"line":111,"column":43},"end":{"line":147,"column":1}},"line":111},"5":{"name":"updateStatus","decl":{"start":{"line":149,"column":15},"end":{"line":149,"column":27}},"loc":{"start":{"line":149,"column":47},"end":{"line":171,"column":1}},"line":149}},"branchMap":{"0":{"loc":{"start":{"line":25,"column":2},"end":{"line":26,"column":80}},"type":"if","locations":[{"start":{"line":25,"column":2},"end":{"line":26,"column":80}},{"start":{},"end":{}}],"line":25},"1":{"loc":{"start":{"line":25,"column":6},"end":{"line":25,"column":34}},"type":"binary-expr","locations":[{"start":{"line":25,"column":6},"end":{"line":25,"column":12}},{"start":{"line":25,"column":16},"end":{"line":25,"column":21}},{"start":{"line":25,"column":25},"end":{"line":25,"column":34}}],"line":25},"2":{"loc":{"start":{"line":34,"column":2},"end":{"line":35,"column":87}},"type":"if","locations":[{"start":{"line":34,"column":2},"end":{"line":35,"column":87}},{"start":{},"end":{}}],"line":34},"3":{"loc":{"start":{"line":57,"column":2},"end":{"line":58,"column":80}},"type":"if","locations":[{"start":{"line":57,"column":2},"end":{"line":58,"column":80}},{"start":{},"end":{}}],"line":57},"4":{"loc":{"start":{"line":57,"column":6},"end":{"line":57,"column":25}},"type":"binary-expr","locations":[{"start":{"line":57,"column":6},"end":{"line":57,"column":12}},{"start":{"line":57,"column":16},"end":{"line":57,"column":25}}],"line":57},"5":{"loc":{"start":{"line":66,"column":2},"end":{"line":67,"column":87}},"type":"if","locations":[{"start":{"line":66,"column":2},"end":{"line":67,"column":87}},{"start":{},"end":{}}],"line":66},"6":{"loc":{"start":{"line":71,"column":2},"end":{"line":71,"column":78}},"type":"if","locations":[{"start":{"line":71,"column":2},"end":{"line":71,"column":78}},{"start":{},"end":{}}],"line":71},"7":{"loc":{"start":{"line":89,"column":4},"end":{"line":96,"column":5}},"type":"if","locations":[{"start":{"line":89,"column":4},"end":{"line":96,"column":5}},{"start":{},"end":{}}],"line":89},"8":{"loc":{"start":{"line":117,"column":4},"end":{"line":118,"column":82}},"type":"if","locations":[{"start":{"line":117,"column":4},"end":{"line":118,"column":82}},{"start":{},"end":{}}],"line":117},"9":{"loc":{"start":{"line":127,"column":4},"end":{"line":128,"column":82}},"type":"if","locations":[{"start":{"line":127,"column":4},"end":{"line":128,"column":82}},{"start":{},"end":{}}],"line":127},"10":{"loc":{"start":{"line":154,"column":2},"end":{"line":154,"column":90}},"type":"if","locations":[{"start":{"line":154,"column":2},"end":{"line":154,"column":90}},{"start":{},"end":{}}],"line":154}},"s":{"0":1,"1":1,"2":1,"3":1,"4":0,"5":0,"6":0,"7":0,"8":0,"9":2,"10":2,"11":1,"12":1,"13":1,"14":0,"15":1,"16":1,"17":1,"18":1,"19":0,"20":0,"21":0,"22":0,"23":0,"24":0,"25":0,"26":0,"27":0,"28":0,"29":0,"30":0,"31":0,"32":0,"33":0,"34":0,"35":0,"36":0,"37":0,"38":0,"39":0,"40":0,"41":0,"42":0,"43":0,"44":0,"45":0,"46":0,"47":0,"48":0,"49":0,"50":0,"51":0,"52":0,"53":0,"54":0,"55":0,"56":0,"57":0,"58":0,"59":0,"60":0,"61":0,"62":1},"f":{"0":0,"1":2,"2":0,"3":0,"4":0,"5":0},"b":{"0":[1,1],"1":[2,1,1],"2":[0,1],"3":[0,0],"4":[0,0],"5":[0,0],"6":[0,0],"7":[0,0],"8":[0,0],"9":[0,0],"10":[0,0]},"_coverageSchema":"1a1c01bbd47fc00a2c39e90264f33305004495a9","hash":"b2866aa99966320059af384209016a611b3ceb52"}
,"C:\\Users\\edvar\\OneDrive\\Documentos\\projetos-atuais\\media-tracker\\server\\src\\lib\\cache.js": {"path":"C:\\Users\\edvar\\OneDrive\\Documentos\\projetos-atuais\\media-tracker\\server\\src\\lib\\cache.js","statementMap":{"0":{"start":{"line":1,"column":14},"end":{"line":1,"column":32}},"1":{"start":{"line":3,"column":14},"end":{"line":7,"column":2}},"2":{"start":{"line":9,"column":0},"end":{"line":11,"column":2}}},"fnMap":{},"branchMap":{},"s":{"0":1,"1":1,"2":1},"f":{},"b":{},"_coverageSchema":"1a1c01bbd47fc00a2c39e90264f33305004495a9","hash":"9201a3dd8f2fa7613e85852b20ecfb47a6b06c72"}
,"C:\\Users\\edvar\\OneDrive\\Documentos\\projetos-atuais\\media-tracker\\server\\src\\middlewares\\loginRequired.js": {"path":"C:\\Users\\edvar\\OneDrive\\Documentos\\projetos-atuais\\media-tracker\\server\\src\\middlewares\\loginRequired.js","statementMap":{"0":{"start":{"line":1,"column":25},"end":{"line":1,"column":50}},"1":{"start":{"line":2,"column":15},"end":{"line":2,"column":33}},"2":{"start":{"line":3,"column":12},"end":{"line":3,"column":35}},"3":{"start":{"line":6,"column":30},"end":{"line":6,"column":41}},"4":{"start":{"line":8,"column":4},"end":{"line":10,"column":5}},"5":{"start":{"line":9,"column":8},"end":{"line":9,"column":69}},"6":{"start":{"line":12,"column":22},"end":{"line":12,"column":46}},"7":{"start":{"line":14,"column":4},"end":{"line":36,"column":5}},"8":{"start":{"line":15,"column":24},"end":{"line":15,"column":65}},"9":{"start":{"line":16,"column":36},"end":{"line":16,"column":43}},"10":{"start":{"line":18,"column":21},"end":{"line":24,"column":10}},"11":{"start":{"line":26,"column":8},"end":{"line":28,"column":9}},"12":{"start":{"line":27,"column":12},"end":{"line":27,"column":70}},"13":{"start":{"line":30,"column":8},"end":{"line":30,"column":24}},"14":{"start":{"line":31,"column":8},"end":{"line":31,"column":24}},"15":{"start":{"line":33,"column":8},"end":{"line":33,"column":22}},"16":{"start":{"line":35,"column":8},"end":{"line":35,"column":50}},"17":{"start":{"line":39,"column":0},"end":{"line":39,"column":31}}},"fnMap":{"0":{"name":"loginRequired","decl":{"start":{"line":5,"column":15},"end":{"line":5,"column":28}},"loc":{"start":{"line":5,"column":45},"end":{"line":37,"column":1}},"line":5}},"branchMap":{"0":{"loc":{"start":{"line":8,"column":4},"end":{"line":10,"column":5}},"type":"if","locations":[{"start":{"line":8,"column":4},"end":{"line":10,"column":5}},{"start":{},"end":{}}],"line":8},"1":{"loc":{"start":{"line":26,"column":8},"end":{"line":28,"column":9}},"type":"if","locations":[{"start":{"line":26,"column":8},"end":{"line":28,"column":9}},{"start":{},"end":{}}],"line":26}},"s":{"0":1,"1":1,"2":1,"3":0,"4":0,"5":0,"6":0,"7":0,"8":0,"9":0,"10":0,"11":0,"12":0,"13":0,"14":0,"15":0,"16":0,"17":1},"f":{"0":0},"b":{"0":[0,0],"1":[0,0]},"_coverageSchema":"1a1c01bbd47fc00a2c39e90264f33305004495a9","hash":"b102010e20160c76d886b869eb926e86d9340862"}
,"C:\\Users\\edvar\\OneDrive\\Documentos\\projetos-atuais\\media-tracker\\server\\src\\routes\\movieRoute.js": {"path":"C:\\Users\\edvar\\OneDrive\\Documentos\\projetos-atuais\\media-tracker\\server\\src\\routes\\movieRoute.js","statementMap":{"0":{"start":{"line":1,"column":16},"end":{"line":1,"column":34}},"1":{"start":{"line":2,"column":24},"end":{"line":2,"column":65}},"2":{"start":{"line":3,"column":22},"end":{"line":3,"column":61}},"3":{"start":{"line":5,"column":15},"end":{"line":5,"column":31}},"4":{"start":{"line":7,"column":0},"end":{"line":7,"column":71}},"5":{"start":{"line":9,"column":0},"end":{"line":9,"column":24}}},"fnMap":{},"branchMap":{},"s":{"0":1,"1":1,"2":1,"3":1,"4":1,"5":1},"f":{},"b":{},"_coverageSchema":"1a1c01bbd47fc00a2c39e90264f33305004495a9","hash":"ff312fd24febdbdc7544f18b33d075364222cd5c"}
,"C:\\Users\\edvar\\OneDrive\\Documentos\\projetos-atuais\\media-tracker\\server\\src\\routes\\userRoute.js": {"path":"C:\\Users\\edvar\\OneDrive\\Documentos\\projetos-atuais\\media-tracker\\server\\src\\routes\\userRoute.js","statementMap":{"0":{"start":{"line":1,"column":16},"end":{"line":1,"column":34}},"1":{"start":{"line":2,"column":23},"end":{"line":2,"column":63}},"2":{"start":{"line":3,"column":22},"end":{"line":3,"column":61}},"3":{"start":{"line":5,"column":15},"end":{"line":5,"column":31}},"4":{"start":{"line":7,"column":0},"end":{"line":7,"column":55}},"5":{"start":{"line":8,"column":0},"end":{"line":8,"column":44}},"6":{"start":{"line":9,"column":0},"end":{"line":9,"column":48}},"7":{"start":{"line":10,"column":0},"end":{"line":10,"column":63}},"8":{"start":{"line":11,"column":0},"end":{"line":11,"column":71}},"9":{"start":{"line":12,"column":0},"end":{"line":12,"column":74}},"10":{"start":{"line":14,"column":0},"end":{"line":14,"column":24}}},"fnMap":{},"branchMap":{},"s":{"0":1,"1":1,"2":1,"3":1,"4":1,"5":1,"6":1,"7":1,"8":1,"9":1,"10":1},"f":{},"b":{},"_coverageSchema":"1a1c01bbd47fc00a2c39e90264f33305004495a9","hash":"82405d3c9983077f23a1af1db2587d5a82a1b2e9"}
}
