{"C:\\Users\\edvar\\OneDrive\\Documentos\\projetos-atuais\\media-tracker\\server\\app.js": {"path":"C:\\Users\\edvar\\OneDrive\\Documentos\\projetos-atuais\\media-tracker\\server\\app.js","statementMap":{"0":{"start":{"line":1,"column":16},"end":{"line":1,"column":34}},"1":{"start":{"line":2,"column":19},"end":{"line":2,"column":41}},"2":{"start":{"line":3,"column":25},"end":{"line":3,"column":50}},"3":{"start":{"line":4,"column":0},"end":{"line":4,"column":27}},"4":{"start":{"line":5,"column":13},"end":{"line":5,"column":28}},"5":{"start":{"line":7,"column":12},"end":{"line":7,"column":21}},"6":{"start":{"line":9,"column":0},"end":{"line":9,"column":24}},"7":{"start":{"line":10,"column":0},"end":{"line":10,"column":49}},"8":{"start":{"line":11,"column":0},"end":{"line":11,"column":27}},"9":{"start":{"line":12,"column":0},"end":{"line":12,"column":16}},"10":{"start":{"line":14,"column":0},"end":{"line":19,"column":3}},"11":{"start":{"line":15,"column":4},"end":{"line":15,"column":56}},"12":{"start":{"line":16,"column":4},"end":{"line":16,"column":57}},"13":{"start":{"line":17,"column":4},"end":{"line":17,"column":102}},"14":{"start":{"line":18,"column":4},"end":{"line":18,"column":11}},"15":{"start":{"line":21,"column":18},"end":{"line":21,"column":51}},"16":{"start":{"line":22,"column":19},"end":{"line":22,"column":53}},"17":{"start":{"line":24,"column":0},"end":{"line":24,"column":29}},"18":{"start":{"line":25,"column":0},"end":{"line":25,"column":31}},"19":{"start":{"line":27,"column":0},"end":{"line":27,"column":21}}},"fnMap":{"0":{"name":"(anonymous_0)","decl":{"start":{"line":14,"column":8},"end":{"line":14,"column":9}},"loc":{"start":{"line":14,"column":37},"end":{"line":19,"column":1}},"line":14}},"branchMap":{},"s":{"0":1,"1":1,"2":1,"3":1,"4":1,"5":1,"6":1,"7":1,"8":1,"9":1,"10":1,"11":0,"12":0,"13":0,"14":0,"15":1,"16":1,"17":1,"18":1,"19":1},"f":{"0":0},"b":{},"_coverageSchema":"1a1c01bbd47fc00a2c39e90264f33305004495a9","hash":"fb6c78dc1b150ca2b994e61ecc89e534a7cdb125"}
,"C:\\Users\\edvar\\OneDrive\\Documentos\\projetos-atuais\\media-tracker\\server\\src\\controllers\\movieController.js": {"path":"C:\\Users\\edvar\\OneDrive\\Documentos\\projetos-atuais\\media-tracker\\server\\src\\controllers\\movieController.js","statementMap":{"0":{"start":{"line":1,"column":18},"end":{"line":1,"column":41}},"1":{"start":{"line":4,"column":2},"end":{"line":31,"column":3}},"2":{"start":{"line":5,"column":19},"end":{"line":5,"column":33}},"3":{"start":{"line":6,"column":4},"end":{"line":6,"column":89}},"4":{"start":{"line":6,"column":13},"end":{"line":6,"column":89}},"5":{"start":{"line":8,"column":24},"end":{"line":8,"column":43}},"6":{"start":{"line":10,"column":4},"end":{"line":12,"column":5}},"7":{"start":{"line":11,"column":6},"end":{"line":11,"column":52}},"8":{"start":{"line":14,"column":16},"end":{"line":14,"column":73}},"9":{"start":{"line":15,"column":20},"end":{"line":21,"column":5}},"10":{"start":{"line":23,"column":26},"end":{"line":23,"column":51}},"11":{"start":{"line":24,"column":22},"end":{"line":24,"column":48}},"12":{"start":{"line":26,"column":4},"end":{"line":26,"column":51}},"13":{"start":{"line":28,"column":4},"end":{"line":28,"column":36}},"14":{"start":{"line":30,"column":4},"end":{"line":30,"column":35}},"15":{"start":{"line":34,"column":0},"end":{"line":36,"column":2}}},"fnMap":{"0":{"name":"getMovie","decl":{"start":{"line":3,"column":15},"end":{"line":3,"column":23}},"loc":{"start":{"line":3,"column":43},"end":{"line":32,"column":1}},"line":3}},"branchMap":{"0":{"loc":{"start":{"line":6,"column":4},"end":{"line":6,"column":89}},"type":"if","locations":[{"start":{"line":6,"column":4},"end":{"line":6,"column":89}},{"start":{},"end":{}}],"line":6},"1":{"loc":{"start":{"line":10,"column":4},"end":{"line":12,"column":5}},"type":"if","locations":[{"start":{"line":10,"column":4},"end":{"line":12,"column":5}},{"start":{},"end":{}}],"line":10}},"s":{"0":1,"1":1,"2":1,"3":1,"4":1,"5":0,"6":0,"7":0,"8":0,"9":0,"10":0,"11":0,"12":0,"13":0,"14":0,"15":1},"f":{"0":1},"b":{"0":[1,0],"1":[0,0]},"_coverageSchema":"1a1c01bbd47fc00a2c39e90264f33305004495a9","hash":"acfcffc35668c0f9e051e17e7f13e4cf10c433aa"}
,"C:\\Users\\edvar\\OneDrive\\Documentos\\projetos-atuais\\media-tracker\\server\\src\\controllers\\userController.js": {"path":"C:\\Users\\edvar\\OneDrive\\Documentos\\projetos-atuais\\media-tracker\\server\\src\\controllers\\userController.js","statementMap":{"0":{"start":{"line":1,"column":25},"end":{"line":1,"column":50}},"1":{"start":{"line":2,"column":15},"end":{"line":2,"column":33}},"2":{"start":{"line":3,"column":15},"end":{"line":3,"column":32}},"3":{"start":{"line":4,"column":12},"end":{"line":4,"column":35}},"4":{"start":{"line":7,"column":19},"end":{"line":7,"column":33}},"5":{"start":{"line":9,"column":4},"end":{"line":21,"column":5}},"6":{"start":{"line":10,"column":21},"end":{"line":14,"column":10}},"7":{"start":{"line":16,"column":8},"end":{"line":16,"column":81}},"8":{"start":{"line":16,"column":19},"end":{"line":16,"column":81}},"9":{"start":{"line":18,"column":8},"end":{"line":18,"column":40}},"10":{"start":{"line":20,"column":8},"end":{"line":20,"column":50}},"11":{"start":{"line":25,"column":38},"end":{"line":25,"column":50}},"12":{"start":{"line":27,"column":4},"end":{"line":27,"column":114}},"13":{"start":{"line":27,"column":38},"end":{"line":27,"column":114}},"14":{"start":{"line":29,"column":22},"end":{"line":33,"column":6}},"15":{"start":{"line":35,"column":4},"end":{"line":35,"column":102}},"16":{"start":{"line":35,"column":19},"end":{"line":35,"column":102}},"17":{"start":{"line":37,"column":4},"end":{"line":51,"column":5}},"18":{"start":{"line":38,"column":21},"end":{"line":38,"column":52}},"19":{"start":{"line":40,"column":24},"end":{"line":46,"column":10}},"20":{"start":{"line":48,"column":8},"end":{"line":48,"column":43}},"21":{"start":{"line":50,"column":8},"end":{"line":50,"column":50}},"22":{"start":{"line":55,"column":32},"end":{"line":55,"column":44}},"23":{"start":{"line":57,"column":4},"end":{"line":57,"column":105}},"24":{"start":{"line":57,"column":29},"end":{"line":57,"column":105}},"25":{"start":{"line":59,"column":22},"end":{"line":63,"column":6}},"26":{"start":{"line":65,"column":4},"end":{"line":65,"column":103}},"27":{"start":{"line":65,"column":20},"end":{"line":65,"column":103}},"28":{"start":{"line":67,"column":18},"end":{"line":67,"column":68}},"29":{"start":{"line":69,"column":4},"end":{"line":69,"column":80}},"30":{"start":{"line":69,"column":16},"end":{"line":69,"column":80}},"31":{"start":{"line":71,"column":21},"end":{"line":73,"column":6}},"32":{"start":{"line":75,"column":4},"end":{"line":75,"column":51}},"33":{"start":{"line":79,"column":19},"end":{"line":79,"column":33}},"34":{"start":{"line":80,"column":19},"end":{"line":80,"column":39}},"35":{"start":{"line":82,"column":4},"end":{"line":102,"column":5}},"36":{"start":{"line":83,"column":8},"end":{"line":90,"column":9}},"37":{"start":{"line":84,"column":27},"end":{"line":88,"column":14}},"38":{"start":{"line":89,"column":12},"end":{"line":89,"column":53}},"39":{"start":{"line":92,"column":23},"end":{"line":97,"column":10}},"40":{"start":{"line":99,"column":8},"end":{"line":99,"column":42}},"41":{"start":{"line":101,"column":8},"end":{"line":101,"column":50}},"42":{"start":{"line":106,"column":19},"end":{"line":106,"column":33}},"43":{"start":{"line":107,"column":23},"end":{"line":107,"column":37}},"44":{"start":{"line":109,"column":4},"end":{"line":120,"column":5}},"45":{"start":{"line":110,"column":22},"end":{"line":115,"column":10}},"46":{"start":{"line":116,"column":8},"end":{"line":116,"column":48}},"47":{"start":{"line":118,"column":8},"end":{"line":118,"column":25}},"48":{"start":{"line":119,"column":8},"end":{"line":119,"column":50}},"49":{"start":{"line":124,"column":23},"end":{"line":124,"column":35}},"50":{"start":{"line":125,"column":19},"end":{"line":125,"column":33}},"51":{"start":{"line":126,"column":23},"end":{"line":126,"column":37}},"52":{"start":{"line":128,"column":4},"end":{"line":155,"column":5}},"53":{"start":{"line":129,"column":8},"end":{"line":129,"column":97}},"54":{"start":{"line":129,"column":21},"end":{"line":129,"column":97}},"55":{"start":{"line":131,"column":27},"end":{"line":136,"column":10}},"56":{"start":{"line":138,"column":8},"end":{"line":138,"column":100}},"57":{"start":{"line":138,"column":24},"end":{"line":138,"column":100}},"58":{"start":{"line":140,"column":8},"end":{"line":150,"column":11}},"59":{"start":{"line":152,"column":8},"end":{"line":152,"column":62}},"60":{"start":{"line":154,"column":8},"end":{"line":154,"column":70}},"61":{"start":{"line":159,"column":19},"end":{"line":159,"column":33}},"62":{"start":{"line":160,"column":23},"end":{"line":160,"column":35}},"63":{"start":{"line":161,"column":23},"end":{"line":161,"column":37}},"64":{"start":{"line":163,"column":4},"end":{"line":163,"column":93}},"65":{"start":{"line":163,"column":17},"end":{"line":163,"column":93}},"66":{"start":{"line":165,"column":4},"end":{"line":179,"column":5}},"67":{"start":{"line":166,"column":22},"end":{"line":174,"column":10}},"68":{"start":{"line":176,"column":8},"end":{"line":176,"column":48}},"69":{"start":{"line":178,"column":8},"end":{"line":178,"column":57}},"70":{"start":{"line":182,"column":0},"end":{"line":190,"column":2}}},"fnMap":{"0":{"name":"getUser","decl":{"start":{"line":6,"column":15},"end":{"line":6,"column":22}},"loc":{"start":{"line":6,"column":42},"end":{"line":22,"column":1}},"line":6},"1":{"name":"createUser","decl":{"start":{"line":24,"column":15},"end":{"line":24,"column":25}},"loc":{"start":{"line":24,"column":45},"end":{"line":52,"column":1}},"line":24},"2":{"name":"loginUser","decl":{"start":{"line":54,"column":15},"end":{"line":54,"column":24}},"loc":{"start":{"line":54,"column":44},"end":{"line":76,"column":1}},"line":54},"3":{"name":"getMovies","decl":{"start":{"line":78,"column":15},"end":{"line":78,"column":24}},"loc":{"start":{"line":78,"column":44},"end":{"line":103,"column":1}},"line":78},"4":{"name":"getMovie","decl":{"start":{"line":105,"column":15},"end":{"line":105,"column":23}},"loc":{"start":{"line":105,"column":43},"end":{"line":121,"column":1}},"line":105},"5":{"name":"addMovie","decl":{"start":{"line":123,"column":15},"end":{"line":123,"column":23}},"loc":{"start":{"line":123,"column":43},"end":{"line":156,"column":1}},"line":123},"6":{"name":"updateStatus","decl":{"start":{"line":158,"column":15},"end":{"line":158,"column":27}},"loc":{"start":{"line":158,"column":47},"end":{"line":180,"column":1}},"line":158}},"branchMap":{"0":{"loc":{"start":{"line":16,"column":8},"end":{"line":16,"column":81}},"type":"if","locations":[{"start":{"line":16,"column":8},"end":{"line":16,"column":81}},{"start":{},"end":{}}],"line":16},"1":{"loc":{"start":{"line":27,"column":4},"end":{"line":27,"column":114}},"type":"if","locations":[{"start":{"line":27,"column":4},"end":{"line":27,"column":114}},{"start":{},"end":{}}],"line":27},"2":{"loc":{"start":{"line":27,"column":8},"end":{"line":27,"column":36}},"type":"binary-expr","locations":[{"start":{"line":27,"column":8},"end":{"line":27,"column":14}},{"start":{"line":27,"column":18},"end":{"line":27,"column":23}},{"start":{"line":27,"column":27},"end":{"line":27,"column":36}}],"line":27},"3":{"loc":{"start":{"line":35,"column":4},"end":{"line":35,"column":102}},"type":"if","locations":[{"start":{"line":35,"column":4},"end":{"line":35,"column":102}},{"start":{},"end":{}}],"line":35},"4":{"loc":{"start":{"line":57,"column":4},"end":{"line":57,"column":105}},"type":"if","locations":[{"start":{"line":57,"column":4},"end":{"line":57,"column":105}},{"start":{},"end":{}}],"line":57},"5":{"loc":{"start":{"line":57,"column":8},"end":{"line":57,"column":27}},"type":"binary-expr","locations":[{"start":{"line":57,"column":8},"end":{"line":57,"column":14}},{"start":{"line":57,"column":18},"end":{"line":57,"column":27}}],"line":57},"6":{"loc":{"start":{"line":65,"column":4},"end":{"line":65,"column":103}},"type":"if","locations":[{"start":{"line":65,"column":4},"end":{"line":65,"column":103}},{"start":{},"end":{}}],"line":65},"7":{"loc":{"start":{"line":69,"column":4},"end":{"line":69,"column":80}},"type":"if","locations":[{"start":{"line":69,"column":4},"end":{"line":69,"column":80}},{"start":{},"end":{}}],"line":69},"8":{"loc":{"start":{"line":83,"column":8},"end":{"line":90,"column":9}},"type":"if","locations":[{"start":{"line":83,"column":8},"end":{"line":90,"column":9}},{"start":{},"end":{}}],"line":83},"9":{"loc":{"start":{"line":129,"column":8},"end":{"line":129,"column":97}},"type":"if","locations":[{"start":{"line":129,"column":8},"end":{"line":129,"column":97}},{"start":{},"end":{}}],"line":129},"10":{"loc":{"start":{"line":138,"column":8},"end":{"line":138,"column":100}},"type":"if","locations":[{"start":{"line":138,"column":8},"end":{"line":138,"column":100}},{"start":{},"end":{}}],"line":138},"11":{"loc":{"start":{"line":163,"column":4},"end":{"line":163,"column":93}},"type":"if","locations":[{"start":{"line":163,"column":4},"end":{"line":163,"column":93}},{"start":{},"end":{}}],"line":163}},"s":{"0":1,"1":1,"2":1,"3":1,"4":4,"5":4,"6":4,"7":2,"8":1,"9":1,"10":2,"11":3,"12":3,"13":1,"14":2,"15":2,"16":1,"17":1,"18":1,"19":1,"20":1,"21":0,"22":4,"23":4,"24":1,"25":3,"26":3,"27":0,"28":3,"29":3,"30":2,"31":1,"32":1,"33":5,"34":5,"35":5,"36":5,"37":2,"38":1,"39":3,"40":2,"41":2,"42":0,"43":0,"44":0,"45":0,"46":0,"47":0,"48":0,"49":4,"50":4,"51":4,"52":4,"53":4,"54":1,"55":3,"56":1,"57":1,"58":0,"59":0,"60":2,"61":2,"62":2,"63":2,"64":2,"65":1,"66":1,"67":1,"68":0,"69":1,"70":1},"f":{"0":4,"1":3,"2":4,"3":5,"4":0,"5":4,"6":2},"b":{"0":[1,1],"1":[1,2],"2":[3,2,2],"3":[1,1],"4":[1,3],"5":[4,3],"6":[0,3],"7":[2,1],"8":[2,3],"9":[1,3],"10":[1,0],"11":[1,1]},"_coverageSchema":"1a1c01bbd47fc00a2c39e90264f33305004495a9","hash":"40071709f92d8e4e40d37d53589681efe9b8fb1f"}
,"C:\\Users\\edvar\\OneDrive\\Documentos\\projetos-atuais\\media-tracker\\server\\src\\lib\\cache.js": {"path":"C:\\Users\\edvar\\OneDrive\\Documentos\\projetos-atuais\\media-tracker\\server\\src\\lib\\cache.js","statementMap":{"0":{"start":{"line":1,"column":14},"end":{"line":1,"column":32}},"1":{"start":{"line":3,"column":14},"end":{"line":7,"column":2}},"2":{"start":{"line":9,"column":0},"end":{"line":11,"column":2}}},"fnMap":{},"branchMap":{},"s":{"0":1,"1":1,"2":1},"f":{},"b":{},"_coverageSchema":"1a1c01bbd47fc00a2c39e90264f33305004495a9","hash":"9201a3dd8f2fa7613e85852b20ecfb47a6b06c72"}
,"C:\\Users\\edvar\\OneDrive\\Documentos\\projetos-atuais\\media-tracker\\server\\src\\middlewares\\loginRequired.js": {"path":"C:\\Users\\edvar\\OneDrive\\Documentos\\projetos-atuais\\media-tracker\\server\\src\\middlewares\\loginRequired.js","statementMap":{"0":{"start":{"line":1,"column":25},"end":{"line":1,"column":50}},"1":{"start":{"line":2,"column":15},"end":{"line":2,"column":33}},"2":{"start":{"line":3,"column":12},"end":{"line":3,"column":35}},"3":{"start":{"line":6,"column":30},"end":{"line":6,"column":41}},"4":{"start":{"line":8,"column":4},"end":{"line":10,"column":5}},"5":{"start":{"line":9,"column":8},"end":{"line":9,"column":69}},"6":{"start":{"line":12,"column":22},"end":{"line":12,"column":46}},"7":{"start":{"line":14,"column":4},"end":{"line":36,"column":5}},"8":{"start":{"line":15,"column":24},"end":{"line":15,"column":65}},"9":{"start":{"line":16,"column":36},"end":{"line":16,"column":43}},"10":{"start":{"line":18,"column":21},"end":{"line":24,"column":10}},"11":{"start":{"line":26,"column":8},"end":{"line":28,"column":9}},"12":{"start":{"line":27,"column":12},"end":{"line":27,"column":70}},"13":{"start":{"line":30,"column":8},"end":{"line":30,"column":24}},"14":{"start":{"line":31,"column":8},"end":{"line":31,"column":24}},"15":{"start":{"line":33,"column":8},"end":{"line":33,"column":22}},"16":{"start":{"line":35,"column":8},"end":{"line":35,"column":50}},"17":{"start":{"line":39,"column":0},"end":{"line":39,"column":31}}},"fnMap":{"0":{"name":"loginRequired","decl":{"start":{"line":5,"column":15},"end":{"line":5,"column":28}},"loc":{"start":{"line":5,"column":45},"end":{"line":37,"column":1}},"line":5}},"branchMap":{"0":{"loc":{"start":{"line":8,"column":4},"end":{"line":10,"column":5}},"type":"if","locations":[{"start":{"line":8,"column":4},"end":{"line":10,"column":5}},{"start":{},"end":{}}],"line":8},"1":{"loc":{"start":{"line":26,"column":8},"end":{"line":28,"column":9}},"type":"if","locations":[{"start":{"line":26,"column":8},"end":{"line":28,"column":9}},{"start":{},"end":{}}],"line":26}},"s":{"0":1,"1":1,"2":1,"3":0,"4":0,"5":0,"6":0,"7":0,"8":0,"9":0,"10":0,"11":0,"12":0,"13":0,"14":0,"15":0,"16":0,"17":1},"f":{"0":0},"b":{"0":[0,0],"1":[0,0]},"_coverageSchema":"1a1c01bbd47fc00a2c39e90264f33305004495a9","hash":"b102010e20160c76d886b869eb926e86d9340862"}
,"C:\\Users\\edvar\\OneDrive\\Documentos\\projetos-atuais\\media-tracker\\server\\src\\routes\\movieRoute.js": {"path":"C:\\Users\\edvar\\OneDrive\\Documentos\\projetos-atuais\\media-tracker\\server\\src\\routes\\movieRoute.js","statementMap":{"0":{"start":{"line":1,"column":16},"end":{"line":1,"column":34}},"1":{"start":{"line":2,"column":24},"end":{"line":2,"column":65}},"2":{"start":{"line":3,"column":22},"end":{"line":3,"column":61}},"3":{"start":{"line":5,"column":15},"end":{"line":5,"column":31}},"4":{"start":{"line":7,"column":0},"end":{"line":7,"column":71}},"5":{"start":{"line":9,"column":0},"end":{"line":9,"column":24}}},"fnMap":{},"branchMap":{},"s":{"0":1,"1":1,"2":1,"3":1,"4":1,"5":1},"f":{},"b":{},"_coverageSchema":"1a1c01bbd47fc00a2c39e90264f33305004495a9","hash":"ff312fd24febdbdc7544f18b33d075364222cd5c"}
,"C:\\Users\\edvar\\OneDrive\\Documentos\\projetos-atuais\\media-tracker\\server\\src\\routes\\userRoute.js": {"path":"C:\\Users\\edvar\\OneDrive\\Documentos\\projetos-atuais\\media-tracker\\server\\src\\routes\\userRoute.js","statementMap":{"0":{"start":{"line":1,"column":16},"end":{"line":1,"column":34}},"1":{"start":{"line":2,"column":23},"end":{"line":2,"column":63}},"2":{"start":{"line":3,"column":22},"end":{"line":3,"column":61}},"3":{"start":{"line":5,"column":15},"end":{"line":5,"column":31}},"4":{"start":{"line":7,"column":0},"end":{"line":7,"column":55}},"5":{"start":{"line":8,"column":0},"end":{"line":8,"column":44}},"6":{"start":{"line":9,"column":0},"end":{"line":9,"column":48}},"7":{"start":{"line":10,"column":0},"end":{"line":10,"column":63}},"8":{"start":{"line":11,"column":0},"end":{"line":11,"column":70}},"9":{"start":{"line":12,"column":0},"end":{"line":12,"column":71}},"10":{"start":{"line":13,"column":0},"end":{"line":13,"column":74}},"11":{"start":{"line":15,"column":0},"end":{"line":15,"column":24}}},"fnMap":{},"branchMap":{},"s":{"0":1,"1":1,"2":1,"3":1,"4":1,"5":1,"6":1,"7":1,"8":1,"9":1,"10":1,"11":1},"f":{},"b":{},"_coverageSchema":"1a1c01bbd47fc00a2c39e90264f33305004495a9","hash":"caac63ebf5fa42e995b16dfbb188af31081a38b1"}
}
