TN:
SF:app.js
FN:14,(anonymous_0)
FNF:1
FNH:0
FNDA:0,(anonymous_0)
DA:1,1
DA:2,1
DA:3,1
DA:4,1
DA:5,1
DA:7,1
DA:9,1
DA:10,1
DA:11,1
DA:12,1
DA:14,1
DA:15,0
DA:16,0
DA:17,0
DA:18,0
DA:21,1
DA:22,1
DA:24,1
DA:25,1
DA:27,1
LF:20
LH:16
BRF:0
BRH:0
end_of_record
TN:
SF:src\controllers\movieController.js
FN:3,getMovie
FNF:1
FNH:1
FNDA:1,getMovie
DA:1,1
DA:4,1
DA:5,1
DA:6,1
DA:8,0
DA:10,0
DA:11,0
DA:14,0
DA:15,0
DA:23,0
DA:24,0
DA:26,0
DA:28,0
DA:30,0
DA:34,1
LF:15
LH:5
BRDA:6,0,0,1
BRDA:6,0,1,0
BRDA:10,1,0,0
BRDA:10,1,1,0
BRF:4
BRH:1
end_of_record
TN:
SF:src\controllers\userController.js
FN:6,getUser
FN:24,createUser
FN:54,loginUser
FN:78,getMovies
FN:105,getMovie
FN:123,addMovie
FN:158,updateStatus
FNF:7
FNH:6
FNDA:4,getUser
FNDA:3,createUser
FNDA:4,loginUser
FNDA:5,getMovies
FNDA:0,getMovie
FNDA:4,addMovie
FNDA:2,updateStatus
DA:1,1
DA:2,1
DA:3,1
DA:4,1
DA:7,4
DA:9,4
DA:10,4
DA:16,2
DA:18,1
DA:20,2
DA:25,3
DA:27,3
DA:29,2
DA:35,2
DA:37,1
DA:38,1
DA:40,1
DA:48,1
DA:50,0
DA:55,4
DA:57,4
DA:59,3
DA:65,3
DA:67,3
DA:69,3
DA:71,1
DA:75,1
DA:79,5
DA:80,5
DA:82,5
DA:83,5
DA:84,2
DA:89,1
DA:92,3
DA:99,2
DA:101,2
DA:106,0
DA:107,0
DA:109,0
DA:110,0
DA:116,0
DA:118,0
DA:119,0
DA:124,4
DA:125,4
DA:126,4
DA:128,4
DA:129,4
DA:131,3
DA:138,1
DA:140,0
DA:152,0
DA:154,2
DA:159,2
DA:160,2
DA:161,2
DA:163,2
DA:165,1
DA:166,1
DA:176,0
DA:178,1
DA:182,1
LF:62
LH:51
BRDA:16,0,0,1
BRDA:16,0,1,1
BRDA:27,1,0,1
BRDA:27,1,1,2
BRDA:27,2,0,3
BRDA:27,2,1,2
BRDA:27,2,2,2
BRDA:35,3,0,1
BRDA:35,3,1,1
BRDA:57,4,0,1
BRDA:57,4,1,3
BRDA:57,5,0,4
BRDA:57,5,1,3
BRDA:65,6,0,0
BRDA:65,6,1,3
BRDA:69,7,0,2
BRDA:69,7,1,1
BRDA:83,8,0,2
BRDA:83,8,1,3
BRDA:129,9,0,1
BRDA:129,9,1,3
BRDA:138,10,0,1
BRDA:138,10,1,0
BRDA:163,11,0,1
BRDA:163,11,1,1
BRF:25
BRH:23
end_of_record
TN:
SF:src\lib\cache.js
FNF:0
FNH:0
DA:1,1
DA:3,1
DA:9,1
LF:3
LH:3
BRF:0
BRH:0
end_of_record
TN:
SF:src\middlewares\loginRequired.js
FN:5,loginRequired
FNF:1
FNH:0
FNDA:0,loginRequired
DA:1,1
DA:2,1
DA:3,1
DA:6,0
DA:8,0
DA:9,0
DA:12,0
DA:14,0
DA:15,0
DA:16,0
DA:18,0
DA:26,0
DA:27,0
DA:30,0
DA:31,0
DA:33,0
DA:35,0
DA:39,1
LF:18
LH:4
BRDA:8,0,0,0
BRDA:8,0,1,0
BRDA:26,1,0,0
BRDA:26,1,1,0
BRF:4
BRH:0
end_of_record
TN:
SF:src\routes\movieRoute.js
FNF:0
FNH:0
DA:1,1
DA:2,1
DA:3,1
DA:5,1
DA:7,1
DA:9,1
LF:6
LH:6
BRF:0
BRH:0
end_of_record
TN:
SF:src\routes\userRoute.js
FNF:0
FNH:0
DA:1,1
DA:2,1
DA:3,1
DA:5,1
DA:7,1
DA:8,1
DA:9,1
DA:10,1
DA:11,1
DA:12,1
DA:13,1
DA:15,1
LF:12
LH:12
BRF:0
BRH:0
end_of_record
